<?xml version="1.0" encoding="UTF-8"?>
<!-- Generated by org.testng.reporters.JUnitXMLReporter -->
<testsuite ignored="0" hostname="MrB" failures="0" tests="4" name="Test2" time="18.058" errors="0" timestamp="2021-04-29T01:47:49 EDT">
  <testcase classname="TestCases.CreateAnewTweetTest" name="postNewTweet" time="3.974"/>
  <testcase classname="TestCases.CreateAnewTweetTest" name="postNewTweet" time="4.113"/>
  <testcase classname="TestCases.CreateAnewTweetTest" name="postNewTweet" time="4.238"/>
  <testcase classname="TestCases.CreateAnewTweetTest" name="postNewTweet" time="4.196"/>
</testsuite> <!-- Test2 -->
