<?xml version="1.0" encoding="UTF-8"?>
<testng-results ignored="0" total="4" passed="4" failed="0" skipped="0">
  <reporter-output>
  </reporter-output>
  <suite started-at="2021-04-24T02:12:50 EDT" name="Suite" finished-at="2021-04-24T02:13:57 EDT" duration-ms="67067">
    <groups>
    </groups>
    <test started-at="2021-04-24T02:12:50 EDT" name="Test1" finished-at="2021-04-24T02:12:59 EDT" duration-ms="9614">
      <class name="TestCases.LoginTest">
        <test-method is-config="true" signature="NavigatTo()[pri:0, instance:TestCases.LoginTest@2d6764b2]" started-at="2021-04-24T02:12:50 EDT" name="NavigatTo" finished-at="2021-04-24T02:12:50 EDT" duration-ms="643" status="PASS">
          <reporter-output>
          </reporter-output>
        </test-method> <!-- NavigatTo -->
        <test-method signature="LoginPageTest()[pri:0, instance:TestCases.LoginTest@2d6764b2]" started-at="2021-04-24T02:12:50 EDT" name="LoginPageTest" finished-at="2021-04-24T02:12:59 EDT" duration-ms="8928" status="PASS">
          <reporter-output>
          </reporter-output>
        </test-method> <!-- LoginPageTest -->
      </class> <!-- TestCases.LoginTest -->
    </test> <!-- Test1 -->
    <test started-at="2021-04-24T02:12:59 EDT" name="Test3" finished-at="2021-04-24T02:13:07 EDT" duration-ms="7960">
      <class name="TestCases.SearchTwitterTest">
        <test-method is-config="true" signature="NavigatTo()[pri:0, instance:TestCases.SearchTwitterTest@55dfebeb]" started-at="2021-04-24T02:12:59 EDT" name="NavigatTo" finished-at="2021-04-24T02:13:00 EDT" duration-ms="344" status="PASS">
          <reporter-output>
          </reporter-output>
        </test-method> <!-- NavigatTo -->
        <test-method signature="searchTwitter()[pri:0, instance:TestCases.SearchTwitterTest@55dfebeb]" started-at="2021-04-24T02:13:00 EDT" name="searchTwitter" finished-at="2021-04-24T02:13:07 EDT" duration-ms="7612" status="PASS">
          <reporter-output>
          </reporter-output>
        </test-method> <!-- searchTwitter -->
      </class> <!-- TestCases.SearchTwitterTest -->
    </test> <!-- Test3 -->
    <test started-at="2021-04-24T02:13:07 EDT" name="Test4" finished-at="2021-04-24T02:13:19 EDT" duration-ms="11839">
      <class name="TestCases.SendAMessageTest">
        <test-method is-config="true" signature="NavigatTo()[pri:0, instance:TestCases.SendAMessageTest@1b73be9f]" started-at="2021-04-24T02:13:07 EDT" name="NavigatTo" finished-at="2021-04-24T02:13:07 EDT" duration-ms="279" status="PASS">
          <reporter-output>
          </reporter-output>
        </test-method> <!-- NavigatTo -->
        <test-method signature="LoginPageTest()[pri:0, instance:TestCases.SendAMessageTest@1b73be9f]" started-at="2021-04-24T02:13:07 EDT" name="LoginPageTest" finished-at="2021-04-24T02:13:19 EDT" duration-ms="11556" status="PASS">
          <reporter-output>
          </reporter-output>
        </test-method> <!-- LoginPageTest -->
      </class> <!-- TestCases.SendAMessageTest -->
    </test> <!-- Test4 -->
    <test started-at="2021-04-24T02:13:19 EDT" name="Test5" finished-at="2021-04-24T02:13:57 EDT" duration-ms="37614">
      <class name="TestCases.UpdateProfileTest">
        <test-method is-config="true" signature="setUp()[pri:0, instance:TestCases.UpdateProfileTest@62e20a76]" started-at="2021-04-24T02:12:48 EDT" name="setUp" finished-at="2021-04-24T02:12:50 EDT" duration-ms="2015" status="PASS">
          <reporter-output>
          </reporter-output>
        </test-method> <!-- setUp -->
        <test-method is-config="true" signature="NavigatTo()[pri:0, instance:TestCases.UpdateProfileTest@62e20a76]" started-at="2021-04-24T02:13:19 EDT" name="NavigatTo" finished-at="2021-04-24T02:13:19 EDT" duration-ms="305" status="PASS">
          <reporter-output>
          </reporter-output>
        </test-method> <!-- NavigatTo -->
        <test-method signature="LoginPageTest()[pri:0, instance:TestCases.UpdateProfileTest@62e20a76]" started-at="2021-04-24T02:13:19 EDT" name="LoginPageTest" finished-at="2021-04-24T02:13:57 EDT" duration-ms="37303" status="PASS">
          <reporter-output>
          </reporter-output>
        </test-method> <!-- LoginPageTest -->
        <test-method is-config="true" signature="tearDown()[pri:0, instance:TestCases.UpdateProfileTest@62e20a76]" started-at="2021-04-24T02:13:57 EDT" name="tearDown" finished-at="2021-04-24T02:13:58 EDT" duration-ms="1088" status="PASS">
          <reporter-output>
          </reporter-output>
        </test-method> <!-- tearDown -->
      </class> <!-- TestCases.UpdateProfileTest -->
    </test> <!-- Test5 -->
  </suite> <!-- Suite -->
</testng-results>
